<?xml version="1.0" encoding="UTF-8"?><testrun name="parallelrun (1)" project="CucumberYouTubeSeries" tests="6" started="6" failures="1" errors="6" ignored="0">
  <testsuite name="Parallel.parallelrun" time="79.742">
    <testsuite name="Account page feature" time="14.982">
      <testcase name="Account sections count" classname="Account page feature" time="14.982">
        <error>java.lang.AssertionError&#13;
	at org.junit.Assert.fail(Assert.java:87)&#13;
	at org.junit.Assert.assertTrue(Assert.java:42)&#13;
	at org.junit.Assert.assertTrue(Assert.java:53)&#13;
	at Parallel.accountsteps.page_title_should_be(accountsteps.java:50)&#13;
	at ✽.page title shouldbe "My Account - My store"(file:///C:/Users/v-sompa/eclipse-workspace/CucumberYouTubeSeries/src/test/resources/Parallel/account.feature:9)&#13;
&#13;
org.openqa.selenium.NoSuchSessionException: Session ID is null. Using WebDriver after calling quit()?
Build info: version: '3.141.59', revision: 'e82be7d358', time: '2018-11-14T08:17:03'
System info: host: 'DESKTOP-6DR2GHM', ip: '10.10.1.113', os.name: 'Windows 10', os.arch: 'amd64', os.version: '10.0', java.version: '1.8.0_265'
Driver info: driver.version: RemoteWebDriver&#13;
	at org.openqa.selenium.remote.HttpCommandExecutor.execute(HttpCommandExecutor.java:125)&#13;
	at org.openqa.selenium.remote.service.DriverCommandExecutor.execute(DriverCommandExecutor.java:83)&#13;
	at org.openqa.selenium.remote.RemoteWebDriver.execute(RemoteWebDriver.java:552)&#13;
	at org.openqa.selenium.remote.RemoteWebDriver.execute(RemoteWebDriver.java:609)&#13;
	at org.openqa.selenium.remote.RemoteWebDriver.getScreenshotAs(RemoteWebDriver.java:295)&#13;
	at Parallel.AppHooks.tearDown(AppHooks.java:46)&#13;
&#13;
</error>
      </testcase>
    </testsuite>
    <testsuite name="contact Us feature" time="0.018">
      <testcase name="Contact Us scenario wit different set of data #1" classname="contact Us feature" time="0.012"/>
      <testcase name="Contact Us scenario wit different set of data #2" classname="contact Us feature" time="0.006"/>
    </testsuite>
    <testsuite name="login page feature" time="64.739">
      <testcase name="login page title" classname="login page feature" time="41.714"/>
      <testcase name="- Forgot pasword Link" classname="login page feature" time="9.592">
        <error>org.openqa.selenium.NoSuchWindowException: no such window: target window already closed
from unknown error: web view not found
  (Session info: chrome=87.0.4280.141)
Build info: version: '3.141.59', revision: 'e82be7d358', time: '2018-11-14T08:17:03'
System info: host: 'DESKTOP-6DR2GHM', ip: '10.10.1.113', os.name: 'Windows 10', os.arch: 'amd64', os.version: '10.0', java.version: '1.8.0_265'
Driver info: org.openqa.selenium.chrome.ChromeDriver
Capabilities {acceptInsecureCerts: false, browserName: chrome, browserVersion: 87.0.4280.141, chrome: {chromedriverVersion: 87.0.4280.88 (89e2380a3e36c..., userDataDir: C:\Users\v-sompa\AppData\Lo...}, goog:chromeOptions: {debuggerAddress: localhost:50892}, javascriptEnabled: true, networkConnectionEnabled: false, pageLoadStrategy: normal, platform: WINDOWS, platformName: WINDOWS, proxy: Proxy(), setWindowRect: true, strictFileInteractability: false, timeouts: {implicit: 0, pageLoad: 300000, script: 30000}, unhandledPromptBehavior: dismiss and notify, webauthn:virtualAuthenticators: true}
Session ID: 0489071c4849a03d10d03d4dd9dd8255
*** Element info: {Using=link text, value=Forgot your password?}&#13;
	at sun.reflect.NativeConstructorAccessorImpl.newInstance0(Native Method)&#13;
	at sun.reflect.NativeConstructorAccessorImpl.newInstance(NativeConstructorAccessorImpl.java:62)&#13;
	at sun.reflect.DelegatingConstructorAccessorImpl.newInstance(DelegatingConstructorAccessorImpl.java:45)&#13;
	at java.lang.reflect.Constructor.newInstance(Constructor.java:423)&#13;
	at org.openqa.selenium.remote.http.W3CHttpResponseCodec.createException(W3CHttpResponseCodec.java:187)&#13;
	at org.openqa.selenium.remote.http.W3CHttpResponseCodec.decode(W3CHttpResponseCodec.java:122)&#13;
	at org.openqa.selenium.remote.http.W3CHttpResponseCodec.decode(W3CHttpResponseCodec.java:49)&#13;
	at org.openqa.selenium.remote.HttpCommandExecutor.execute(HttpCommandExecutor.java:158)&#13;
	at org.openqa.selenium.remote.service.DriverCommandExecutor.execute(DriverCommandExecutor.java:83)&#13;
	at org.openqa.selenium.remote.RemoteWebDriver.execute(RemoteWebDriver.java:552)&#13;
	at org.openqa.selenium.remote.RemoteWebDriver.findElement(RemoteWebDriver.java:323)&#13;
	at org.openqa.selenium.remote.RemoteWebDriver.findElementByLinkText(RemoteWebDriver.java:380)&#13;
	at org.openqa.selenium.By$ByLinkText.findElement(By.java:220)&#13;
	at org.openqa.selenium.remote.RemoteWebDriver.findElement(RemoteWebDriver.java:315)&#13;
	at com.pages.loginpage.isforgotpassword(loginpage.java:24)&#13;
	at Parallel.loginsteps.forgot_your_password_link_sould_be_displayed(loginsteps.java:41)&#13;
	at ✽.forgot your password link sould be displayed(file:///C:/Users/v-sompa/eclipse-workspace/CucumberYouTubeSeries/src/test/resources/Parallel/login.feature:10)&#13;
&#13;
org.openqa.selenium.NoSuchSessionException: Session ID is null. Using WebDriver after calling quit()?
Build info: version: '3.141.59', revision: 'e82be7d358', time: '2018-11-14T08:17:03'
System info: host: 'DESKTOP-6DR2GHM', ip: '10.10.1.113', os.name: 'Windows 10', os.arch: 'amd64', os.version: '10.0', java.version: '1.8.0_265'
Driver info: driver.version: RemoteWebDriver&#13;
	at org.openqa.selenium.remote.HttpCommandExecutor.execute(HttpCommandExecutor.java:125)&#13;
	at org.openqa.selenium.remote.service.DriverCommandExecutor.execute(DriverCommandExecutor.java:83)&#13;
	at org.openqa.selenium.remote.RemoteWebDriver.execute(RemoteWebDriver.java:552)&#13;
	at org.openqa.selenium.remote.RemoteWebDriver.execute(RemoteWebDriver.java:609)&#13;
	at org.openqa.selenium.remote.RemoteWebDriver.getScreenshotAs(RemoteWebDriver.java:295)&#13;
	at Parallel.AppHooks.tearDown(AppHooks.java:46)&#13;
&#13;
</error>
      </testcase>
      <testcase name="login with correct credentials" classname="login page feature" time="13.432">
        <error>org.openqa.selenium.SessionNotCreatedException: session not created
from chrome not reachable
  (Session info: chrome=87.0.4280.141)
Build info: version: '3.141.59', revision: 'e82be7d358', time: '2018-11-14T08:17:03'
System info: host: 'DESKTOP-6DR2GHM', ip: '10.10.1.113', os.name: 'Windows 10', os.arch: 'amd64', os.version: '10.0', java.version: '1.8.0_265'
Driver info: driver.version: ChromeDriver
remote stacktrace: Backtrace:
	Ordinal0 [0x0126C0C3+3326147]
	Ordinal0 [0x01150851+2164817]
	Ordinal0 [0x00FD7140+618816]
	Ordinal0 [0x00FCD404+578564]
	Ordinal0 [0x00FCDACB+580299]
	Ordinal0 [0x00FCED35+585013]
	Ordinal0 [0x00FC9D61+564577]
	Ordinal0 [0x00FD82C0+623296]
	Ordinal0 [0x00F76BDD+224221]
	Ordinal0 [0x00F75CAC+220332]
	Ordinal0 [0x00F7189B+202907]
	Ordinal0 [0x00F53DF4+81396]
	Ordinal0 [0x00F54DEE+85486]
	Ordinal0 [0x00F54D79+85369]
	Ordinal0 [0x011685DC+2262492]
	GetHandleVerifier [0x013F2874+1487204]
	GetHandleVerifier [0x013F23CD+1486013]
	GetHandleVerifier [0x013FA368+1518680]
	GetHandleVerifier [0x013F2F4E+1488958]
	Ordinal0 [0x0115ED0D+2223373]
	Ordinal0 [0x0116A12B+2269483]
	Ordinal0 [0x0116A26F+2269807]
	Ordinal0 [0x0117ECB8+2354360]
	BaseThreadInitThunk [0x757AFA29+25]
	RtlGetAppContainerNamedObjectPath [0x772475F4+228]
	RtlGetAppContainerNamedObjectPath [0x772475C4+180]
&#13;
	at sun.reflect.NativeConstructorAccessorImpl.newInstance0(Native Method)&#13;
	at sun.reflect.NativeConstructorAccessorImpl.newInstance(NativeConstructorAccessorImpl.java:62)&#13;
	at sun.reflect.DelegatingConstructorAccessorImpl.newInstance(DelegatingConstructorAccessorImpl.java:45)&#13;
	at java.lang.reflect.Constructor.newInstance(Constructor.java:423)&#13;
	at org.openqa.selenium.remote.W3CHandshakeResponse.lambda$errorHandler$0(W3CHandshakeResponse.java:62)&#13;
	at org.openqa.selenium.remote.HandshakeResponse.lambda$getResponseFunction$0(HandshakeResponse.java:30)&#13;
	at org.openqa.selenium.remote.ProtocolHandshake.lambda$createSession$0(ProtocolHandshake.java:126)&#13;
	at java.util.stream.ReferencePipeline$3$1.accept(ReferencePipeline.java:193)&#13;
	at java.util.Spliterators$ArraySpliterator.tryAdvance(Spliterators.java:958)&#13;
	at java.util.stream.ReferencePipeline.forEachWithCancel(ReferencePipeline.java:126)&#13;
	at java.util.stream.AbstractPipeline.copyIntoWithCancel(AbstractPipeline.java:499)&#13;
	at java.util.stream.AbstractPipeline.copyInto(AbstractPipeline.java:486)&#13;
	at java.util.stream.AbstractPipeline.wrapAndCopyInto(AbstractPipeline.java:472)&#13;
	at java.util.stream.FindOps$FindOp.evaluateSequential(FindOps.java:152)&#13;
	at java.util.stream.AbstractPipeline.evaluate(AbstractPipeline.java:234)&#13;
	at java.util.stream.ReferencePipeline.findFirst(ReferencePipeline.java:531)&#13;
	at org.openqa.selenium.remote.ProtocolHandshake.createSession(ProtocolHandshake.java:128)&#13;
	at org.openqa.selenium.remote.ProtocolHandshake.createSession(ProtocolHandshake.java:74)&#13;
	at org.openqa.selenium.remote.HttpCommandExecutor.execute(HttpCommandExecutor.java:136)&#13;
	at org.openqa.selenium.remote.service.DriverCommandExecutor.execute(DriverCommandExecutor.java:83)&#13;
	at org.openqa.selenium.remote.RemoteWebDriver.execute(RemoteWebDriver.java:552)&#13;
	at org.openqa.selenium.remote.RemoteWebDriver.startSession(RemoteWebDriver.java:213)&#13;
	at org.openqa.selenium.remote.RemoteWebDriver.&lt;init&gt;(RemoteWebDriver.java:131)&#13;
	at org.openqa.selenium.chrome.ChromeDriver.&lt;init&gt;(ChromeDriver.java:181)&#13;
	at org.openqa.selenium.chrome.ChromeDriver.&lt;init&gt;(ChromeDriver.java:168)&#13;
	at org.openqa.selenium.chrome.ChromeDriver.&lt;init&gt;(ChromeDriver.java:123)&#13;
	at com.qa.factory.driverfactory.init_driver(driverfactory.java:17)&#13;
	at Parallel.AppHooks.launchBrowser(AppHooks.java:34)&#13;
&#13;
java.lang.NullPointerException&#13;
	at Parallel.AppHooks.quitBrowser(AppHooks.java:39)&#13;
&#13;
java.lang.NullPointerException&#13;
	at Parallel.AppHooks.tearDown(AppHooks.java:46)&#13;
&#13;
</error>
      </testcase>
    </testsuite>
  </testsuite>
</testrun>
