<?xml version="1.0" encoding="UTF-8"?>
<!-- Generated by org.testng.reporters.JUnitXMLReporter -->
<testsuite hostname="DESKTOP-6DR2GHM" ignored="0" name="chromeTestSuit" tests="1" failures="1" timestamp="2021-02-15T13:56:57 IST" time="3.911" errors="0">
  <testcase name="verifypagetitle" time="3.833" classname="crossBrowsertesting.verifyTitle">
    <failure type="org.openqa.selenium.SessionNotCreatedException" message="session not created: This version of ChromeDriver only supports Chrome version 86
Current browser version is 88.0.4324.150 with binary path C:\Program Files (x86)\Google\Chrome\Application\chrome.exe
Build info: version: &amp;apos;3.141.59&amp;apos;, revision: &amp;apos;e82be7d358&amp;apos;, time: &amp;apos;2018-11-14T08:17:03&amp;apos;
System info: host: &amp;apos;DESKTOP-6DR2GHM&amp;apos;, ip: &amp;apos;10.10.10.1&amp;apos;, os.name: &amp;apos;Windows 10&amp;apos;, os.arch: &amp;apos;amd64&amp;apos;, os.version: &amp;apos;10.0&amp;apos;, java.version: &amp;apos;1.8.0_265&amp;apos;
Driver info: driver.version: ChromeDriver
remote stacktrace: Backtrace:
	Ordinal0 [0x0104C013+3194899]
	Ordinal0 [0x00F36021+2056225]
	Ordinal0 [0x00DCF608+587272]
	Ordinal0 [0x00D51BF3+72691]
	Ordinal0 [0x00D4E229+57897]
	Ordinal0 [0x00D4C64A+50762]
	Ordinal0 [0x00D71EE9+204521]
	Ordinal0 [0x00D71D0D+204045]
	Ordinal0 [0x00D6FC1B+195611]
	Ordinal0 [0x00D53B7F+80767]
	Ordinal0 [0x00D54B4E+84814]
	Ordinal0 [0x00D54AD9+84697]
	Ordinal0 [0x00F4CE64+2149988]
	GetHandleVerifier [0x011BBE95+1400773]
	GetHandleVerifier [0x011BBB61+1399953]
	GetHandleVerifier [0x011C31FA+1430314]
	GetHandleVerifier [0x011BC69F+1402831]
	Ordinal0 [0x00F43D61+2112865]
	Ordinal0 [0x00F4E5CB+2155979]
	Ordinal0 [0x00F4E6F5+2156277]
	Ordinal0 [0x00F5F26E+2224750]
	BaseThreadInitThunk [0x7680FA29+25]
	RtlGetAppContainerNamedObjectPath [0x77E376B4+228]
	RtlGetAppContainerNamedObjectPath [0x77E37684+180]
">
      <![CDATA[org.openqa.selenium.SessionNotCreatedException: session not created: This version of ChromeDriver only supports Chrome version 86
Current browser version is 88.0.4324.150 with binary path C:\Program Files (x86)\Google\Chrome\Application\chrome.exe
Build info: version: '3.141.59', revision: 'e82be7d358', time: '2018-11-14T08:17:03'
System info: host: 'DESKTOP-6DR2GHM', ip: '10.10.10.1', os.name: 'Windows 10', os.arch: 'amd64', os.version: '10.0', java.version: '1.8.0_265'
Driver info: driver.version: ChromeDriver
remote stacktrace: Backtrace:
Ordinal0 [0x0104C013+3194899]
Ordinal0 [0x00F36021+2056225]
Ordinal0 [0x00DCF608+587272]
Ordinal0 [0x00D51BF3+72691]
Ordinal0 [0x00D4E229+57897]
Ordinal0 [0x00D4C64A+50762]
Ordinal0 [0x00D71EE9+204521]
Ordinal0 [0x00D71D0D+204045]
Ordinal0 [0x00D6FC1B+195611]
Ordinal0 [0x00D53B7F+80767]
Ordinal0 [0x00D54B4E+84814]
Ordinal0 [0x00D54AD9+84697]
Ordinal0 [0x00F4CE64+2149988]
GetHandleVerifier [0x011BBE95+1400773]
GetHandleVerifier [0x011BBB61+1399953]
GetHandleVerifier [0x011C31FA+1430314]
GetHandleVerifier [0x011BC69F+1402831]
Ordinal0 [0x00F43D61+2112865]
Ordinal0 [0x00F4E5CB+2155979]
Ordinal0 [0x00F4E6F5+2156277]
Ordinal0 [0x00F5F26E+2224750]
BaseThreadInitThunk [0x7680FA29+25]
RtlGetAppContainerNamedObjectPath [0x77E376B4+228]
RtlGetAppContainerNamedObjectPath [0x77E37684+180]

at org.openqa.selenium.remote.W3CHandshakeResponse.lambda$errorHandler$0(W3CHandshakeResponse.java:62)
at org.openqa.selenium.remote.HandshakeResponse.lambda$getResponseFunction$0(HandshakeResponse.java:30)
at org.openqa.selenium.remote.ProtocolHandshake.lambda$createSession$0(ProtocolHandshake.java:126)
at java.util.stream.ReferencePipeline$3$1.accept(ReferencePipeline.java:193)
at java.util.Spliterators$ArraySpliterator.tryAdvance(Spliterators.java:958)
at java.util.stream.ReferencePipeline.forEachWithCancel(ReferencePipeline.java:126)
at java.util.stream.AbstractPipeline.copyIntoWithCancel(AbstractPipeline.java:499)
at java.util.stream.AbstractPipeline.copyInto(AbstractPipeline.java:486)
at java.util.stream.AbstractPipeline.wrapAndCopyInto(AbstractPipeline.java:472)
at java.util.stream.FindOps$FindOp.evaluateSequential(FindOps.java:152)
at java.util.stream.AbstractPipeline.evaluate(AbstractPipeline.java:234)
at java.util.stream.ReferencePipeline.findFirst(ReferencePipeline.java:531)
at org.openqa.selenium.remote.ProtocolHandshake.createSession(ProtocolHandshake.java:128)
at org.openqa.selenium.remote.ProtocolHandshake.createSession(ProtocolHandshake.java:74)
at org.openqa.selenium.remote.HttpCommandExecutor.execute(HttpCommandExecutor.java:136)
at org.openqa.selenium.remote.service.DriverCommandExecutor.execute(DriverCommandExecutor.java:83)
at org.openqa.selenium.remote.RemoteWebDriver.execute(RemoteWebDriver.java:552)
at org.openqa.selenium.remote.RemoteWebDriver.startSession(RemoteWebDriver.java:213)
at org.openqa.selenium.remote.RemoteWebDriver.<init>(RemoteWebDriver.java:131)
at org.openqa.selenium.chrome.ChromeDriver.<init>(ChromeDriver.java:181)
at org.openqa.selenium.chrome.ChromeDriver.<init>(ChromeDriver.java:168)
at org.openqa.selenium.chrome.ChromeDriver.<init>(ChromeDriver.java:123)
at crossBrowsertesting.verifyTitle.verifypagetitle(verifyTitle.java:25)
at java.util.ArrayList.forEach(ArrayList.java:1259)
at java.util.concurrent.FutureTask.run(FutureTask.java:266)
at java.util.concurrent.ThreadPoolExecutor.runWorker(ThreadPoolExecutor.java:1149)
at java.util.concurrent.ThreadPoolExecutor$Worker.run(ThreadPoolExecutor.java:624)
at java.lang.Thread.run(Thread.java:748)
... Removed 22 stack frames]]>
    </failure>
  </testcase> <!-- verifypagetitle -->
</testsuite> <!-- chromeTestSuit -->
